

Version:	3.13
CmdLine:	C:\Users\daria\Documents\Paradox Interactive\Hearts of Iron IV\mod\nadivided-dev\hoi4filefixer.exe --l4j-debug
WOW64:		yes
Working dir:	C:\Users\daria\Documents\Paradox Interactive\Hearts of Iron IV\mod\nadivided-dev\.
Java min ver:	1.008.000
Java max ver:	
64-bit search:	SOFTWARE\JavaSoft\Java Runtime Environment...
Check:		SOFTWARE\JavaSoft\Java Runtime Environment\1.8
Check launcher:	C:\Program Files\Java\jre1.8.0_281\bin\javaw.exe (OK)
Match:		1.008.000
Check:		SOFTWARE\JavaSoft\Java Runtime Environment\1.8.0_281
Check launcher:	C:\Program Files\Java\jre1.8.0_281\bin\javaw.exe (OK)
Match:		1.008.000_281
64-bit search:	SOFTWARE\JavaSoft\Java Development Kit...
64-bit search:	SOFTWARE\JavaSoft\JRE...
64-bit search:	SOFTWARE\JavaSoft\JDK...
Runtime used:	1.008.000_281 (64-bit)
Launcher:	C:\Program Files\Java\jre1.8.0_281\bin\javaw.exe
Launcher args:	-jar "C:\Users\daria\Documents\Paradox Interactive\Hearts of Iron IV\mod\nadivided-dev\hoi4filefixer.exe"
Args length:	105/32768 chars
Exit code:	1


Version:	3.13
CmdLine:	C:\Users\daria\Documents\Paradox Interactive\Hearts of Iron IV\mod\nadivided-dev\hoi4filefixer.exe --l4j-debug
WOW64:		yes
Working dir:	C:\Users\daria\Documents\Paradox Interactive\Hearts of Iron IV\mod\nadivided-dev\.
Java min ver:	1.008.000
Java max ver:	
64-bit search:	SOFTWARE\JavaSoft\Java Runtime Environment...
Check:		SOFTWARE\JavaSoft\Java Runtime Environment\1.8
Check launcher:	C:\Program Files\Java\jre1.8.0_281\bin\javaw.exe (OK)
Match:		1.008.000
Check:		SOFTWARE\JavaSoft\Java Runtime Environment\1.8.0_281
Check launcher:	C:\Program Files\Java\jre1.8.0_281\bin\javaw.exe (OK)
Match:		1.008.000_281
64-bit search:	SOFTWARE\JavaSoft\Java Development Kit...
64-bit search:	SOFTWARE\JavaSoft\JRE...
64-bit search:	SOFTWARE\JavaSoft\JDK...
Check:		SOFTWARE\JavaSoft\JDK\15.0.2
Check launcher:	C:\Program Files\Java\jdk-15.0.2\bin\javaw.exe (OK)
Match:		1.015.000_002
Runtime used:	1.015.000_002 (64-bit)
Launcher:	C:\Program Files\Java\jdk-15.0.2\bin\javaw.exe
Launcher args:	-jar "C:\Users\daria\Documents\Paradox Interactive\Hearts of Iron IV\mod\nadivided-dev\hoi4filefixer.exe"
Args length:	105/32768 chars
Exit code:	0


Version:	3.13
CmdLine:	C:\Users\daria\Documents\Paradox Interactive\Hearts of Iron IV\mod\nadivided-dev\hoi4filefixer.exe --l4j-debug
WOW64:		yes
Working dir:	C:\Users\daria\Documents\Paradox Interactive\Hearts of Iron IV\mod\nadivided-dev\.
Java min ver:	1.008.000
Java max ver:	
64-bit search:	SOFTWARE\JavaSoft\Java Runtime Environment...
Check:		SOFTWARE\JavaSoft\Java Runtime Environment\1.8
Check launcher:	C:\Program Files\Java\jre1.8.0_281\bin\javaw.exe (OK)
Match:		1.008.000
Check:		SOFTWARE\JavaSoft\Java Runtime Environment\1.8.0_281
Check launcher:	C:\Program Files\Java\jre1.8.0_281\bin\javaw.exe (OK)
Match:		1.008.000_281
64-bit search:	SOFTWARE\JavaSoft\Java Development Kit...
64-bit search:	SOFTWARE\JavaSoft\JRE...
64-bit search:	SOFTWARE\JavaSoft\JDK...
Check:		SOFTWARE\JavaSoft\JDK\15.0.2
Check launcher:	C:\Program Files\Java\jdk-15.0.2\bin\javaw.exe (OK)
Match:		1.015.000_002
Runtime used:	1.015.000_002 (64-bit)
Launcher:	C:\Program Files\Java\jdk-15.0.2\bin\javaw.exe
Launcher args:	-jar "C:\Users\daria\Documents\Paradox Interactive\Hearts of Iron IV\mod\nadivided-dev\hoi4filefixer.exe"
Args length:	105/32768 chars
Exit code:	0


Version:	3.13
CmdLine:	C:\Users\daria\Documents\Paradox Interactive\Hearts of Iron IV\mod\nadivided-dev\hoi4filefixer.exe --l4j-debug
WOW64:		yes
Working dir:	C:\Users\daria\Documents\Paradox Interactive\Hearts of Iron IV\mod\nadivided-dev\.
Java min ver:	1.008.000
Java max ver:	
64-bit search:	SOFTWARE\JavaSoft\Java Runtime Environment...
Check:		SOFTWARE\JavaSoft\Java Runtime Environment\1.8
Check launcher:	C:\Program Files\Java\jre1.8.0_281\bin\javaw.exe (OK)
Match:		1.008.000
Check:		SOFTWARE\JavaSoft\Java Runtime Environment\1.8.0_281
Check launcher:	C:\Program Files\Java\jre1.8.0_281\bin\javaw.exe (OK)
Match:		1.008.000_281
64-bit search:	SOFTWARE\JavaSoft\Java Development Kit...
64-bit search:	SOFTWARE\JavaSoft\JRE...
64-bit search:	SOFTWARE\JavaSoft\JDK...
Check:		SOFTWARE\JavaSoft\JDK\15.0.2
Check launcher:	C:\Program Files\Java\jdk-15.0.2\bin\javaw.exe (OK)
Match:		1.015.000_002
Runtime used:	1.015.000_002 (64-bit)
Launcher:	C:\Program Files\Java\jdk-15.0.2\bin\javaw.exe
Launcher args:	-jar "C:\Users\daria\Documents\Paradox Interactive\Hearts of Iron IV\mod\nadivided-dev\hoi4filefixer.exe"
Args length:	105/32768 chars
Exit code:	0
